<?xml version="1.0" encoding="UTF-8"?>
<!-- Generated by org.testng.reporters.JUnitReportReporter -->
<testsuite hostname="DESKTOP-HVDPFUD" name="POM.VerifyLogin" tests="1" failures="0" timestamp="12 Apr 2022 08:57:32 GMT" time="17.492" errors="0">
  <testcase name="TestUser" time="17.492" classname="POM.VerifyLogin"/>
</testsuite> <!-- POM.VerifyLogin -->
